  precompile.cpp
  2DUI_edit.cpp
  answer.cpp
  block.cpp
  block_manager.cpp
  book.cpp
  camera.cpp
  car_gear.cpp
  Cat.cpp
  ceil.cpp
  character.cpp
  chara_icon.cpp
  chara_ID.cpp
  chara_infoUI.cpp
  chara_state.cpp
  collision.cpp
C:\Users\student\Desktop\片付け\過去の制作\2年チーム制作\Class2LaterTeamD\ソースファイル\TeamDProject001\collision.cpp(457,8): warning C4101: 'fAngle': ローカル変数は 1 度も使われていません。
  collpolygon.cpp
  confetti.cpp
  countdown.cpp
  cup.cpp
C:\Users\student\Desktop\片付け\過去の制作\2年チーム制作\Class2LaterTeamD\ソースファイル\TeamDProject001\cup.cpp(199,13): warning C4189: 'pEffect': ローカル変数が初期化されましたが、参照されていません
  curtain.cpp
  コンパイル中...
  danger_mark.cpp
  death_arrow.cpp
  debugproc.cpp
  destruction.cpp
  dynamite.cpp
  edit.cpp
  Effect.cpp
  effect2D.cpp
  electricfan.cpp
  elevation_manager.cpp
  entry.cpp
  entry_BG.cpp
  entry_frame.cpp
  entry_ID.cpp
  entry_message.cpp
  entry_rand.cpp
  entry_team.cpp
  entry_UI.cpp
  explanation.cpp
  fade.cpp
  コンパイル中...
  fan_blade.cpp
  fan_wind.cpp
  file.cpp
  fraction.cpp
  game.cpp
  game_finish.cpp
  game_timer.cpp
  garbagecan.cpp
  ground.cpp
  hairball.cpp
  Himo.cpp
  honey.cpp
  input.cpp
C:\Users\student\Desktop\片付け\過去の制作\2年チーム制作\Class2LaterTeamD\ソースファイル\TeamDProject001\input.cpp(38,48): warning C4100: 'hWnd': 引数は関数の本体部で 1 度も参照されません。
  item.cpp
  itemUI.cpp
  item_frame.cpp
  item_manager.cpp
  item_mark.cpp
  leash.cpp
  light.cpp
  コンパイル中...
  locus2D.cpp
  log.cpp
  logo.cpp
  logo_mark.cpp
  main.cpp
  manager.cpp
  map.cpp
  mesh_cylinder.cpp
  mesh_dome.cpp
  mesh_field.cpp
  mesh_manager.cpp
  mesh_wall.cpp
  model.cpp
  motion.cpp
  mousetrap.cpp
C:\Users\student\Desktop\片付け\過去の制作\2年チーム制作\Class2LaterTeamD\ソースファイル\TeamDProject001\mousetrap.cpp(191,59): warning C4100: 'collSize': 引数は関数の本体部で 1 度も参照されません。
  mousetrap_iron.cpp
  MultiCamera.cpp
C:\Users\student\Desktop\片付け\過去の制作\2年チーム制作\Class2LaterTeamD\ソースファイル\TeamDProject001\MultiCamera.cpp(220,28): warning C4100: 'nIdex': 引数は関数の本体部で 1 度も参照されません。
  note.cpp
  number.cpp
  object.cpp
  コンパイル中...
  object2D.cpp
  object3D.cpp
  object3Dfan.cpp
  objectAnim.cpp
  objectbillboard.cpp
  objectDonut2D.cpp
  objectElevation.cpp
  Objectmesh.cpp
  objectmesh2D.cpp
  objectScroll.cpp
  objectX.cpp
  obstacle.cpp
  obstacle_manager.cpp
  orbit.cpp
  Particle.cpp
  particle2D.cpp
C:\Users\student\Desktop\片付け\過去の制作\2年チーム制作\Class2LaterTeamD\ソースファイル\TeamDProject001\particle2D.cpp(138,75): warning C4100: 'type': 引数は関数の本体部で 1 度も参照されません。
  pause.cpp
  petbottle.cpp
  Pin.cpp
  player.cpp
C:\Users\student\Desktop\片付け\過去の制作\2年チーム制作\Class2LaterTeamD\ソースファイル\TeamDProject001\player.cpp(968,41): warning C4100: 'type': 引数は関数の本体部で 1 度も参照されません。
C:\Users\student\Desktop\片付け\過去の制作\2年チーム制作\Class2LaterTeamD\ソースファイル\TeamDProject001\player.cpp(988,40): warning C4100: 'bJump': 引数は関数の本体部で 1 度も参照されません。
  コンパイル中...
  player_idUI.cpp
  rat.cpp
  ratmecha.cpp
C:\Users\student\Desktop\片付け\過去の制作\2年チーム制作\Class2LaterTeamD\ソースファイル\TeamDProject001\ratmecha.cpp(238,64): warning C4100: 'collSize': 引数は関数の本体部で 1 度も参照されません。
C:\Users\student\Desktop\片付け\過去の制作\2年チーム制作\Class2LaterTeamD\ソースファイル\TeamDProject001\ratmecha.cpp(238,36): warning C4100: 'pPlayer': 引数は関数の本体部で 1 度も参照されません。
C:\Users\student\Desktop\片付け\過去の制作\2年チーム制作\Class2LaterTeamD\ソースファイル\TeamDProject001\ratmecha.cpp(247,58): warning C4100: 'collSize': 引数は関数の本体部で 1 度も参照されません。
  rat_ghost.cpp
  recoveringUI.cpp
  renderer.cpp
  result.cpp
  result_letter.cpp
  resurrection_fan.cpp
  ripple.cpp
  roomba.cpp
  sample.cpp
  sample_manager.cpp
  scene.cpp
  score.cpp
  screen_frame.cpp
  shadowCircle.cpp
  shadowModel.cpp
  skybox.cpp
  slime.cpp
  コンパイル中...
  sound.cpp
  speaker.cpp
  speech_message.cpp
  stun.cpp
  switch.cpp
  tarai.cpp
  texture.cpp
  time.cpp
  title.cpp
  title_back.cpp
  title_floor.cpp
  title_logo.cpp
  title_press.cpp
  title_wall.cpp
  toycar.cpp
  tutorial.cpp
  tv.cpp
  useful.cpp
  wall.cpp
  consent.cpp
  コンパイル中...
  weapon_balloon.cpp
  weapon_cage.cpp
  weapon_selectUI.cpp
  コード生成しています。
  1956 of 1958 functions (99.9%) were compiled, the rest were copied from previous compilation.
    36 functions were new in current compilation
    0 functions had inline decision re-evaluated but remain unchanged
  コード生成が終了しました。
  TeamDProject001.vcxproj -> C:\Users\student\Desktop\片付け\過去の制作\2年チーム制作\Class2LaterTeamD\ソースファイル\TeamDProject001\TeamDProject001.exe
