  precompile.cpp
  wall.cpp
  UI_item.cpp
  UI_death.cpp
  tutorial_texture.cpp
  tutorial.cpp
  titleTexture.cpp
  title.cpp
  texture.cpp
  sound.cpp
  score.cpp
  scene.cpp
  result.cpp
  renderer.cpp
  ranking.cpp
  player.cpp
  pause.cpp
  particle.cpp
  objectX.cpp
  object3D.cpp
  object2D.cpp
  コードを生成中...
  コンパイル中...
  object.cpp
  number.cpp
  motion.cpp
  modelHierarchy.cpp
  model.cpp
  material.cpp
  manager.cpp
  main.cpp
  light.cpp
  item.cpp
  input.cpp
  game.cpp
  fade.cpp
  enemy.cpp
  effect.cpp
  edit.cpp
  debugproc.cpp
  camera.cpp
  billboard.cpp
  bg.cpp
  コードを生成中...
  actgame000.vcxproj -> C:\Users\student\Desktop\片付け\act\actRe\actgame000\Debug\actgame000.exe
  actgame000.vcxproj -> C:\Users\student\Desktop\片付け\act\actRe\actgame000\Debug\actgame000.pdb (Full PDB)
